Determining if the pthread_create exist failed with the following output:
Change Dir: /home/yaozh16/VirtualBox VMs/shareCN/routeAr/cmake-build-debug/CMakeFiles/CMakeTmp

Run Build Command:"/usr/bin/make" "cmTC_b89ab/fast"
/usr/bin/make -f CMakeFiles/cmTC_b89ab.dir/build.make CMakeFiles/cmTC_b89ab.dir/build
make[1]: Entering directory '/home/yaozh16/VirtualBox VMs/shareCN/routeAr/cmake-build-debug/CMakeFiles/CMakeTmp'
Building C object CMakeFiles/cmTC_b89ab.dir/CheckSymbolExists.c.o
/usr/bin/cc     -o CMakeFiles/cmTC_b89ab.dir/CheckSymbolExists.c.o   -c "/home/yaozh16/VirtualBox VMs/shareCN/routeAr/cmake-build-debug/CMakeFiles/CMakeTmp/CheckSymbolExists.c"
Linking C executable cmTC_b89ab
/usr/bin/cmake -E cmake_link_script CMakeFiles/cmTC_b89ab.dir/link.txt --verbose=1
/usr/bin/cc       CMakeFiles/cmTC_b89ab.dir/CheckSymbolExists.c.o  -o cmTC_b89ab 
CMakeFiles/cmTC_b89ab.dir/CheckSymbolExists.c.o：在函数‘main’中：
CheckSymbolExists.c:(.text+0x16)：对‘pthread_create’未定义的引用
collect2: error: ld returned 1 exit status
CMakeFiles/cmTC_b89ab.dir/build.make:97: recipe for target 'cmTC_b89ab' failed
make[1]: *** [cmTC_b89ab] Error 1
make[1]: Leaving directory '/home/yaozh16/VirtualBox VMs/shareCN/routeAr/cmake-build-debug/CMakeFiles/CMakeTmp'
Makefile:126: recipe for target 'cmTC_b89ab/fast' failed
make: *** [cmTC_b89ab/fast] Error 2

File /home/yaozh16/VirtualBox VMs/shareCN/routeAr/cmake-build-debug/CMakeFiles/CMakeTmp/CheckSymbolExists.c:
/* */
#include <pthread.h>

int main(int argc, char** argv)
{
  (void)argv;
#ifndef pthread_create
  return ((int*)(&pthread_create))[argc];
#else
  (void)argc;
  return 0;
#endif
}

Determining if the function pthread_create exists in the pthreads failed with the following output:
Change Dir: /home/yaozh16/VirtualBox VMs/shareCN/routeAr/cmake-build-debug/CMakeFiles/CMakeTmp

Run Build Command:"/usr/bin/make" "cmTC_a904a/fast"
/usr/bin/make -f CMakeFiles/cmTC_a904a.dir/build.make CMakeFiles/cmTC_a904a.dir/build
make[1]: Entering directory '/home/yaozh16/VirtualBox VMs/shareCN/routeAr/cmake-build-debug/CMakeFiles/CMakeTmp'
Building C object CMakeFiles/cmTC_a904a.dir/CheckFunctionExists.c.o
/usr/bin/cc    -DCHECK_FUNCTION_EXISTS=pthread_create   -o CMakeFiles/cmTC_a904a.dir/CheckFunctionExists.c.o   -c /usr/share/cmake-3.5/Modules/CheckFunctionExists.c
Linking C executable cmTC_a904a
/usr/bin/cmake -E cmake_link_script CMakeFiles/cmTC_a904a.dir/link.txt --verbose=1
/usr/bin/cc   -DCHECK_FUNCTION_EXISTS=pthread_create    CMakeFiles/cmTC_a904a.dir/CheckFunctionExists.c.o  -o cmTC_a904a -lpthreads 
/usr/bin/ld: 找不到 -lpthreads
collect2: error: ld returned 1 exit status
CMakeFiles/cmTC_a904a.dir/build.make:97: recipe for target 'cmTC_a904a' failed
make[1]: *** [cmTC_a904a] Error 1
make[1]: Leaving directory '/home/yaozh16/VirtualBox VMs/shareCN/routeAr/cmake-build-debug/CMakeFiles/CMakeTmp'
Makefile:126: recipe for target 'cmTC_a904a/fast' failed
make: *** [cmTC_a904a/fast] Error 2


